[35m[1mConsolidate compiler generated dependencies of target test_trajectory2[0m
[ 40%] Built target test_trajectory3
[ 40%] Built target test_gripper
[ 60%] Built target test_trajectory
[ 80%] Built target test_trajectory2
[ 90%] [32mBuilding CXX object CMakeFiles/approach_retreat.dir/src/approach_retreat.cpp.o[0m
[01m[K/home/adminlab/franka_ros2_ws/src/moveit2_scripts/src/approach_retreat.cpp:[m[K In function â€˜[01m[Kint main(int, char**)[m[Kâ€™:
[01m[K/home/adminlab/franka_ros2_ws/src/moveit2_scripts/src/approach_retreat.cpp:52:3:[m[K [01;31m[Kerror: [m[Kâ€˜[01m[Kjoint_group_positions[m[Kâ€™ was not declared in this scope; did you mean â€˜[01m[Kjoint_group_positions_arm[m[Kâ€™?
   52 |   [01;31m[Kjoint_group_positions[m[K[0] = 0.00;
      |   [01;31m[K^~~~~~~~~~~~~~~~~~~~~[m[K
      |   [32m[Kjoint_group_positions_arm[m[K
gmake[2]: *** [CMakeFiles/approach_retreat.dir/build.make:76: CMakeFiles/approach_retreat.dir/src/approach_retreat.cpp.o] Error 1
gmake[1]: *** [CMakeFiles/Makefile2:249: CMakeFiles/approach_retreat.dir/all] Error 2
gmake: *** [Makefile:146: all] Error 2
