[01m[K/home/adminlab/franka_ros2_ws/src/moveit2_scripts/src/test_trajectory2.cpp:[m[K In function â€˜[01m[Kint main(int, char**)[m[Kâ€™:
[01m[K/home/adminlab/franka_ros2_ws/src/moveit2_scripts/src/test_trajectory2.cpp:50:3:[m[K [01;31m[Kerror: [m[Kâ€˜[01m[Kpose_goal[m[Kâ€™ was not declared in this scope
   50 |   [01;31m[Kpose_goal[m[K.orientation.x = quaternion.x();
      |   [01;31m[K^~~~~~~~~[m[K
[01m[K/home/adminlab/franka_ros2_ws/src/moveit2_scripts/src/test_trajectory2.cpp:34:40:[m[K [01;35m[Kwarning: [m[Kunused variable â€˜[01m[Kjoint_model_group[m[Kâ€™ [[01;35m[K]8;;https://gcc.gnu.org/onlinedocs/gcc/Warning-Options.html#index-Wunused-variable-Wunused-variable]8;;[m[K]
   34 |   const moveit::core::JointModelGroup *[01;35m[Kjoint_model_group[m[K =
      |                                        [01;35m[K^~~~~~~~~~~~~~~~~[m[K
[01m[K/home/adminlab/franka_ros2_ws/src/moveit2_scripts/src/test_trajectory2.cpp:61:8:[m[K [01;35m[Kwarning: [m[Kunused variable â€˜[01m[Ksuccess[m[Kâ€™ [[01;35m[K]8;;https://gcc.gnu.org/onlinedocs/gcc/Warning-Options.html#index-Wunused-variable-Wunused-variable]8;;[m[K]
   61 |   bool [01;35m[Ksuccess[m[K =
      |        [01;35m[K^~~~~~~[m[K
gmake[2]: *** [CMakeFiles/test_trajectory2.dir/build.make:76: CMakeFiles/test_trajectory2.dir/src/test_trajectory2.cpp.o] Error 1
gmake[1]: *** [CMakeFiles/Makefile2:197: CMakeFiles/test_trajectory2.dir/all] Error 2
gmake: *** [Makefile:146: all] Error 2
