[01m[K/home/adminlab/franka_ros2_ws/src/moveit2_scripts/src/test_trajectory3.cpp:[m[K In function â€˜[01m[Kint main(int, char**)[m[Kâ€™:
[01m[K/home/adminlab/franka_ros2_ws/src/moveit2_scripts/src/test_trajectory3.cpp:188:56:[m[K [01;31m[Kerror: [m[Kredeclaration of â€˜[01m[Kmoveit::planning_interface::MoveGroupInterface::Plan my_plan[m[Kâ€™
  188 |   moveit::planning_interface::MoveGroupInterface::Plan [01;31m[Kmy_plan[m[K;
      |                                                        [01;31m[K^~~~~~~[m[K
[01m[K/home/adminlab/franka_ros2_ws/src/moveit2_scripts/src/test_trajectory3.cpp:89:56:[m[K [01;36m[Knote: [m[Kâ€˜[01m[Kmoveit::planning_interface::MoveGroupInterface::Plan my_plan[m[Kâ€™ previously declared here
   89 |   moveit::planning_interface::MoveGroupInterface::Plan [01;36m[Kmy_plan[m[K;
      |                                                        [01;36m[K^~~~~~~[m[K
[01m[K/home/adminlab/franka_ros2_ws/src/moveit2_scripts/src/test_trajectory3.cpp:190:8:[m[K [01;31m[Kerror: [m[Kredeclaration of â€˜[01m[Kbool success[m[Kâ€™
  190 |   bool [01;31m[Ksuccess[m[K =
      |        [01;31m[K^~~~~~~[m[K
[01m[K/home/adminlab/franka_ros2_ws/src/moveit2_scripts/src/test_trajectory3.cpp:91:8:[m[K [01;36m[Knote: [m[Kâ€˜[01m[Kbool success[m[Kâ€™ previously declared here
   91 |   bool [01;36m[Ksuccess[m[K =
      |        [01;36m[K^~~~~~~[m[K
[01m[K/home/adminlab/franka_ros2_ws/src/moveit2_scripts/src/test_trajectory3.cpp:122:8:[m[K [01;35m[Kwarning: [m[Kunused variable â€˜[01m[Ksuccess_gripper[m[Kâ€™ [[01;35m[K]8;;https://gcc.gnu.org/onlinedocs/gcc/Warning-Options.html#index-Wunused-variable-Wunused-variable]8;;[m[K]
  122 |   bool [01;35m[Ksuccess_gripper[m[K = (move_group_gripper.plan(my_plan_gripper) ==
      |        [01;35m[K^~~~~~~~~~~~~~~[m[K
gmake[2]: *** [CMakeFiles/test_trajectory3.dir/build.make:76: CMakeFiles/test_trajectory3.dir/src/test_trajectory3.cpp.o] Error 1
gmake[1]: *** [CMakeFiles/Makefile2:171: CMakeFiles/test_trajectory3.dir/all] Error 2
gmake: *** [Makefile:146: all] Error 2
