[35m[1mConsolidate compiler generated dependencies of target test_gripper[0m
[ 50%] Built target approach_retreat
[ 50%] Built target test_trajectory
[ 60%] Built target test_trajectory2
[ 80%] Built target test_trajectory3
[ 90%] [32mBuilding CXX object CMakeFiles/test_gripper.dir/src/test_gripper.cpp.o[0m
[01m[K/home/adminlab/franka_ros2_ws/src/moveit2_scripts/src/test_gripper.cpp:[m[K In function â€˜[01m[Kint main(int, char**)[m[Kâ€™:
[01m[K/home/adminlab/franka_ros2_ws/src/moveit2_scripts/src/test_gripper.cpp:63:56:[m[K [01;31m[Kerror: [m[Kredeclaration of â€˜[01m[Kmoveit::planning_interface::MoveGroupInterface::Plan my_plan_gripper[m[Kâ€™
   63 |   moveit::planning_interface::MoveGroupInterface::Plan [01;31m[Kmy_plan_gripper[m[K;
      |                                                        [01;31m[K^~~~~~~~~~~~~~~[m[K
[01m[K/home/adminlab/franka_ros2_ws/src/moveit2_scripts/src/test_gripper.cpp:46:56:[m[K [01;36m[Knote: [m[Kâ€˜[01m[Kmoveit::planning_interface::MoveGroupInterface::Plan my_plan_gripper[m[Kâ€™ previously declared here
   46 |   moveit::planning_interface::MoveGroupInterface::Plan [01;36m[Kmy_plan_gripper[m[K;
      |                                                        [01;36m[K^~~~~~~~~~~~~~~[m[K
[01m[K/home/adminlab/franka_ros2_ws/src/moveit2_scripts/src/test_gripper.cpp:64:8:[m[K [01;31m[Kerror: [m[Kredeclaration of â€˜[01m[Kbool success_gripper[m[Kâ€™
   64 |   bool [01;31m[Ksuccess_gripper[m[K = (move_group_gripper.plan(my_plan_gripper) ==
      |        [01;31m[K^~~~~~~~~~~~~~~[m[K
[01m[K/home/adminlab/franka_ros2_ws/src/moveit2_scripts/src/test_gripper.cpp:47:8:[m[K [01;36m[Knote: [m[Kâ€˜[01m[Kbool success_gripper[m[Kâ€™ previously declared here
   47 |   bool [01;36m[Ksuccess_gripper[m[K = (move_group_gripper.plan(my_plan_gripper) ==
      |        [01;36m[K^~~~~~~~~~~~~~~[m[K
[01m[K/home/adminlab/franka_ros2_ws/src/moveit2_scripts/src/test_gripper.cpp:47:8:[m[K [01;35m[Kwarning: [m[Kunused variable â€˜[01m[Ksuccess_gripper[m[Kâ€™ [[01;35m[K]8;;https://gcc.gnu.org/onlinedocs/gcc/Warning-Options.html#index-Wunused-variable-Wunused-variable]8;;[m[K]
gmake[2]: *** [CMakeFiles/test_gripper.dir/build.make:76: CMakeFiles/test_gripper.dir/src/test_gripper.cpp.o] Error 1
gmake[1]: *** [CMakeFiles/Makefile2:223: CMakeFiles/test_gripper.dir/all] Error 2
gmake: *** [Makefile:146: all] Error 2
