[01m[K/home/adminlab/franka_ros2_ws/src/moveit2_scripts/src/test_trajectory2.cpp:[m[K In function â€˜[01m[Kint main(int, char**)[m[Kâ€™:
[01m[K/home/adminlab/franka_ros2_ws/src/moveit2_scripts/src/test_trajectory2.cpp:66:19:[m[K [01;31m[Kerror: [m[Kredeclaration of â€˜[01m[Ktf2::Quaternion quaternion[m[Kâ€™
   66 |   tf2::Quaternion [01;31m[Kquaternion[m[K = quaternionFromEuler(3.142, 0, -0.70);
      |                   [01;31m[K^~~~~~~~~~[m[K
[01m[K/home/adminlab/franka_ros2_ws/src/moveit2_scripts/src/test_trajectory2.cpp:49:19:[m[K [01;36m[Knote: [m[Kâ€˜[01m[Ktf2::Quaternion quaternion[m[Kâ€™ previously declared here
   49 |   tf2::Quaternion [01;36m[Kquaternion[m[K = quaternionFromEuler(3.142, 0, -0.70);
      |                   [01;36m[K^~~~~~~~~~[m[K
[01m[K/home/adminlab/franka_ros2_ws/src/moveit2_scripts/src/test_trajectory2.cpp:76:56:[m[K [01;31m[Kerror: [m[Kredeclaration of â€˜[01m[Kmoveit::planning_interface::MoveGroupInterface::Plan my_plan[m[Kâ€™
   76 |   moveit::planning_interface::MoveGroupInterface::Plan [01;31m[Kmy_plan[m[K;
      |                                                        [01;31m[K^~~~~~~[m[K
[01m[K/home/adminlab/franka_ros2_ws/src/moveit2_scripts/src/test_trajectory2.cpp:59:56:[m[K [01;36m[Knote: [m[Kâ€˜[01m[Kmoveit::planning_interface::MoveGroupInterface::Plan my_plan[m[Kâ€™ previously declared here
   59 |   moveit::planning_interface::MoveGroupInterface::Plan [01;36m[Kmy_plan[m[K;
      |                                                        [01;36m[K^~~~~~~[m[K
[01m[K/home/adminlab/franka_ros2_ws/src/moveit2_scripts/src/test_trajectory2.cpp:78:8:[m[K [01;31m[Kerror: [m[Kredeclaration of â€˜[01m[Kbool success[m[Kâ€™
   78 |   bool [01;31m[Ksuccess[m[K =
      |        [01;31m[K^~~~~~~[m[K
[01m[K/home/adminlab/franka_ros2_ws/src/moveit2_scripts/src/test_trajectory2.cpp:61:8:[m[K [01;36m[Knote: [m[Kâ€˜[01m[Kbool success[m[Kâ€™ previously declared here
   61 |   bool [01;36m[Ksuccess[m[K =
      |        [01;36m[K^~~~~~~[m[K
[01m[K/home/adminlab/franka_ros2_ws/src/moveit2_scripts/src/test_trajectory2.cpp:34:40:[m[K [01;35m[Kwarning: [m[Kunused variable â€˜[01m[Kjoint_model_group[m[Kâ€™ [[01;35m[K]8;;https://gcc.gnu.org/onlinedocs/gcc/Warning-Options.html#index-Wunused-variable-Wunused-variable]8;;[m[K]
   34 |   const moveit::core::JointModelGroup *[01;35m[Kjoint_model_group[m[K =
      |                                        [01;35m[K^~~~~~~~~~~~~~~~~[m[K
[01m[K/home/adminlab/franka_ros2_ws/src/moveit2_scripts/src/test_trajectory2.cpp:61:8:[m[K [01;35m[Kwarning: [m[Kunused variable â€˜[01m[Ksuccess[m[Kâ€™ [[01;35m[K]8;;https://gcc.gnu.org/onlinedocs/gcc/Warning-Options.html#index-Wunused-variable-Wunused-variable]8;;[m[K]
   61 |   bool [01;35m[Ksuccess[m[K =
      |        [01;35m[K^~~~~~~[m[K
gmake[2]: *** [CMakeFiles/test_trajectory2.dir/build.make:76: CMakeFiles/test_trajectory2.dir/src/test_trajectory2.cpp.o] Error 1
gmake[1]: *** [CMakeFiles/Makefile2:197: CMakeFiles/test_trajectory2.dir/all] Error 2
gmake: *** [Makefile:146: all] Error 2
