-- Found ament_cmake: 1.3.9 (/opt/ros/humble/share/ament_cmake/cmake)
-- Found rclcpp: 16.0.9 (/opt/ros/humble/share/rclcpp/cmake)
-- Found rosidl_generator_c: 3.1.5 (/opt/ros/humble/share/rosidl_generator_c/cmake)
-- Found rosidl_adapter: 3.1.5 (/opt/ros/humble/share/rosidl_adapter/cmake)
-- Found rosidl_generator_cpp: 3.1.5 (/opt/ros/humble/share/rosidl_generator_cpp/cmake)
-- Using all available rosidl_typesupport_c: rosidl_typesupport_fastrtps_c;rosidl_typesupport_introspection_c
-- Using all available rosidl_typesupport_cpp: rosidl_typesupport_fastrtps_cpp;rosidl_typesupport_introspection_cpp
-- Found rmw_implementation_cmake: 6.1.2 (/opt/ros/humble/share/rmw_implementation_cmake/cmake)
-- Found rmw_fastrtps_cpp: 6.2.6 (/opt/ros/humble/share/rmw_fastrtps_cpp/cmake)
-- Using RMW implementation 'rmw_fastrtps_cpp' as default
-- Found geometry_msgs: 4.2.3 (/opt/ros/humble/share/geometry_msgs/cmake)
-- Found std_srvs: 4.2.3 (/opt/ros/humble/share/std_srvs/cmake)
-- Found moveit: 2.5.5 (/opt/ros/humble/share/moveit/cmake)
-- Found moveit_ros_planning: 2.5.5 (/home/adminlab/franka_ros2_ws/install/moveit_ros_planning/share/moveit_ros_planning/cmake)
-- Found Boost: /usr/lib/x86_64-linux-gnu/cmake/Boost-1.74.0/BoostConfig.cmake (found version "1.74.0") found components: system filesystem date_time program_options thread chrono 
-- Found Boost: /usr/lib/x86_64-linux-gnu/cmake/Boost-1.74.0/BoostConfig.cmake (found version "1.74.0") found components: chrono date_time filesystem iostreams program_options regex serialization system thread 
-- Found parameter_traits: 0.3.7 (/home/adminlab/franka_ros2_ws/install/parameter_traits/share/parameter_traits/cmake)
-- Found rclcpp_lifecycle: 16.0.9 (/opt/ros/humble/share/rclcpp_lifecycle/cmake)
-- Found Boost: /usr/lib/x86_64-linux-gnu/cmake/Boost-1.74.0/BoostConfig.cmake (found version "1.74.0") found components: filesystem 
-- library: /usr/lib/x86_64-linux-gnu/libcurl.so
-- Ensuring Eigen3 include directory is part of orocos-kdl CMake target
-- Found moveit_servo: 2.5.5 (/home/adminlab/franka_ros2_ws/install/moveit_servo/share/moveit_servo/cmake)
-- Found rosidl_default_generators: 1.2.0 (/opt/ros/humble/share/rosidl_default_generators/cmake)
-- Found ament_cmake_ros: 0.10.0 (/opt/ros/humble/share/ament_cmake_ros/cmake)
-- Using all available rosidl_typesupport_c: rosidl_typesupport_fastrtps_c;rosidl_typesupport_introspection_c
-- Using all available rosidl_typesupport_cpp: rosidl_typesupport_fastrtps_cpp;rosidl_typesupport_introspection_cpp
-- Found python_cmake_module: 0.10.0 (/opt/ros/humble/share/python_cmake_module/cmake)
-- Using PYTHON_EXECUTABLE: /usr/bin/python3
-- Using PYTHON_INCLUDE_DIRS: /usr/include/python3.10
-- Using PYTHON_LIBRARIES: /usr/lib/x86_64-linux-gnu/libpython3.10.so
-- Found ament_lint_auto: 0.12.11 (/opt/ros/humble/share/ament_lint_auto/cmake)
-- Added test 'cppcheck' to perform static code analysis on C / C++ code
-- Configured cppcheck include dirs: 
-- Configured cppcheck exclude dirs and/or files: 
-- Added test 'flake8' to check Python code syntax and style conventions
-- Added test 'lint_cmake' to check CMake code style
-- Added test 'pep257' to check Python code against some of the docstring style conventions in PEP 257
-- Added test 'uncrustify' to check C / C++ code style
-- Configured uncrustify additional arguments: 
-- Added test 'xmllint' to check XML markup files
-- Configuring done
-- Generating done
-- Build files have been written to: /home/adminlab/franka_ros2_ws/build/franka_teleop
[35m[1mConsolidate compiler generated dependencies of target franka_teleop__rosidl_generator_c[0m
[  2%] Built target franka_teleop__cpp
[ 11%] Built target franka_teleop__rosidl_generator_c
[ 11%] Built target ament_cmake_python_copy_franka_teleop
[35m[1mConsolidate compiler generated dependencies of target franka_teleop__rosidl_typesupport_cpp[0m
[35m[1mConsolidate compiler generated dependencies of target franka_teleop__rosidl_typesupport_fastrtps_c[0m
[35m[1mConsolidate compiler generated dependencies of target franka_teleop__rosidl_typesupport_fastrtps_cpp[0m
[35m[1mConsolidate compiler generated dependencies of target franka_teleop__rosidl_typesupport_introspection_cpp[0m
[35m[1mConsolidate compiler generated dependencies of target franka_teleop__rosidl_typesupport_introspection_c[0m
[35m[1mConsolidate compiler generated dependencies of target franka_teleop__rosidl_typesupport_c[0m
[ 20%] Built target franka_teleop__rosidl_typesupport_cpp
[ 28%] Built target franka_teleop__rosidl_typesupport_fastrtps_c
[ 37%] Built target franka_teleop__rosidl_typesupport_introspection_c
[ 45%] Built target franka_teleop__rosidl_typesupport_introspection_cpp
[ 54%] Built target franka_teleop__rosidl_typesupport_c
[ 62%] Built target franka_teleop__rosidl_typesupport_fastrtps_cpp
[ 65%] [32mBuilding CXX object CMakeFiles/franka_servo_fake.dir/src/franka_servo_fake.cpp.o[0m
[ 68%] [32mBuilding CXX object CMakeFiles/franka_servo_real.dir/src/franka_servo_real.cpp.o[0m
[ 68%] Built target franka_teleop
[ 71%] Built target franka_teleop__py
[35m[1mConsolidate compiler generated dependencies of target franka_teleop__rosidl_generator_py[0m
[ 77%] Built target franka_teleop__rosidl_generator_py
[35m[1mConsolidate compiler generated dependencies of target franka_teleop__rosidl_typesupport_fastrtps_c__pyext[0m
[35m[1mConsolidate compiler generated dependencies of target franka_teleop__rosidl_typesupport_c__pyext[0m
[35m[1mConsolidate compiler generated dependencies of target franka_teleop__rosidl_typesupport_introspection_c__pyext[0m
[ 94%] Built target franka_teleop__rosidl_typesupport_c__pyext
[ 94%] Built target franka_teleop__rosidl_typesupport_fastrtps_c__pyext
[ 94%] Built target franka_teleop__rosidl_typesupport_introspection_c__pyext
running egg_info
writing franka_teleop.egg-info/PKG-INFO
writing dependency_links to franka_teleop.egg-info/dependency_links.txt
writing top-level names to franka_teleop.egg-info/top_level.txt
reading manifest file 'franka_teleop.egg-info/SOURCES.txt'
writing manifest file 'franka_teleop.egg-info/SOURCES.txt'
[ 94%] Built target ament_cmake_python_build_franka_teleop_egg
[01m[K/home/adminlab/franka_ros2_ws/src/FrankaTeleop/franka_teleop/src/franka_servo_fake.cpp:15:10:[m[K [01;31m[Kfatal error: [m[Kmoveit_servo/servo.hpp: No such file or directory
   15 | #include [01;31m[K<moveit_servo/servo.hpp>[m[K
      |          [01;31m[K^~~~~~~~~~~~~~~~~~~~~~~~[m[K
compilation terminated.
gmake[2]: *** [CMakeFiles/franka_servo_fake.dir/build.make:76: CMakeFiles/franka_servo_fake.dir/src/franka_servo_fake.cpp.o] Error 1
gmake[1]: *** [CMakeFiles/Makefile2:185: CMakeFiles/franka_servo_fake.dir/all] Error 2
gmake[1]: *** Waiting for unfinished jobs....
[01m[K/home/adminlab/franka_ros2_ws/src/FrankaTeleop/franka_teleop/src/franka_servo_real.cpp:8:10:[m[K [01;31m[Kfatal error: [m[Kmoveit_servo/servo.hpp: No such file or directory
    8 | #include [01;31m[K<moveit_servo/servo.hpp>[m[K
      |          [01;31m[K^~~~~~~~~~~~~~~~~~~~~~~~[m[K
compilation terminated.
gmake[2]: *** [CMakeFiles/franka_servo_real.dir/build.make:76: CMakeFiles/franka_servo_real.dir/src/franka_servo_real.cpp.o] Error 1
gmake[1]: *** [CMakeFiles/Makefile2:212: CMakeFiles/franka_servo_real.dir/all] Error 2
gmake: *** [Makefile:146: all] Error 2
